<?xml version="1.0" encoding="UTF-8"?>
<!-- Generated by org.testng.reporters.JUnitReportReporter -->
<testsuite hostname="LAPTOP-HQIBGPDB" failures="0" tests="2" name="runclass2.amazonrunner" time="53.048" errors="0" timestamp="2022-09-06T18:45:55 IST" skipped="0">
  <testcase classname="runclass2.amazonrunner" name="testclass" time="0.000"/>
  <system-out/>
  <testcase classname="runclass2.amazonrunner" name="runScenario" time="53.048"/>
  <system-out/>
</testsuite> <!-- runclass2.amazonrunner -->
