<?xml version="1.0" encoding="UTF-8"?>
<!-- Generated by org.testng.reporters.JUnitReportReporter -->
<testsuite hostname="LAPTOP-HQIBGPDB" failures="0" tests="2" name="runnerClasses.TestRunner" time="18.248" errors="0" timestamp="2022-08-05T23:20:46 IST" skipped="0">
  <testcase classname="runnerClasses.TestRunner" name="testclass" time="0.001"/>
  <system-out/>
  <testcase classname="runnerClasses.TestRunner" name="runScenario" time="18.247"/>
  <system-out/>
</testsuite> <!-- runnerClasses.TestRunner -->
