<?xml version="1.0" encoding="UTF-8"?>
<!-- Generated by org.testng.reporters.JUnitReportReporter -->
<testsuite hostname="LAPTOP-HQIBGPDB" failures="0" tests="2" name="runclass2.facebookrunclass" time="16.750" errors="0" timestamp="2022-08-07T13:33:58 IST" skipped="0">
  <testcase classname="runclass2.facebookrunclass" name="runScenario" time="16.742"/>
  <system-out/>
  <testcase classname="runclass2.facebookrunclass" name="testclass" time="0.008"/>
  <system-out/>
</testsuite> <!-- runclass2.facebookrunclass -->
